#                                                               --- full sequence ---- --- best 1 domain ---- --- domain number estimation ----
# target name        accession  query name           accession    E-value  score  bias   E-value  score  bias   exp reg clu  ov env dom rep inc description of target
#------------------- ---------- -------------------- ---------- --------- ------ ----- --------- ------ -----   --- --- --- --- --- --- --- --- ---------------------
DAZ85369.1           -          4HB_MCP_1            PF12729.10     0.075    4.9  16.2     0.014    7.4  10.8   2.0   1   1   1   2   2   2   0 TPA_asm: ribosomal protein S13 (mitochondrion) [Dictyostelium intermedium]
YP_010191907.1       -          4HB_MCP_1            PF12729.10     0.075    4.9  16.2     0.014    7.4  10.8   2.0   1   1   1   2   2   2   0 ribosomal protein S13 (mitochondrion) [Dictyostelium intermedium]
DAZ85384.1           -          ACCA                 PF03255.17       2.9    0.2  17.0       0.1    5.0   1.6   3.2   3   0   0   3   3   3   0 TPA_asm: hypothetical protein (mitochondrion) [Dictyostelium intermedium]
YP_010191923.1       -          ACCA                 PF03255.17       2.9    0.2  17.0       0.1    5.0   1.6   3.2   3   0   0   3   3   3   0 hypothetical protein LKZ32_mgp12 (mitochondrion) [Dictyostelium intermedium]
DAZ85355.1           -          ATP-synt_A           PF00119.23   1.8e-53  174.0  36.8   2.2e-53  173.7  36.8   1.0   1   0   0   1   1   1   1 TPA_asm: ATPase subunit 6 (mitochondrion) [Dictyostelium intermedium]
YP_010191893.1       -          ATP-synt_A           PF00119.23   1.8e-53  174.0  36.8   2.2e-53  173.7  36.8   1.0   1   0   0   1   1   1   1 ATPase subunit 6 (mitochondrion) [Dictyostelium intermedium]
DAZ85383.1           -          ATP-synt_ab          PF00006.28   6.6e-76  247.1   0.0   9.5e-76  246.6   0.0   1.2   1   0   0   1   1   1   1 TPA_asm: ATPase subunit 1 (mitochondrion) [Dictyostelium intermedium]
YP_010191922.1       -          ATP-synt_ab          PF00006.28   6.6e-76  247.1   0.0   9.5e-76  246.6   0.0   1.2   1   0   0   1   1   1   1 ATPase subunit 1 (mitochondrion) [Dictyostelium intermedium]
DAZ85383.1           -          ATP-synt_ab_C        PF00306.30   6.4e-28   90.1   0.8   1.2e-27   89.2   0.8   1.4   1   0   0   1   1   1   1 TPA_asm: ATPase subunit 1 (mitochondrion) [Dictyostelium intermedium]
YP_010191922.1       -          ATP-synt_ab_C        PF00306.30   6.4e-28   90.1   0.8   1.2e-27   89.2   0.8   1.4   1   0   0   1   1   1   1 ATPase subunit 1 (mitochondrion) [Dictyostelium intermedium]
DAZ85383.1           -          ATP-synt_ab_N        PF02874.26   5.6e-14   44.9   1.3   1.6e-13   43.5   1.3   1.9   1   0   0   1   1   1   1 TPA_asm: ATPase subunit 1 (mitochondrion) [Dictyostelium intermedium]
YP_010191922.1       -          ATP-synt_ab_N        PF02874.26   5.6e-14   44.9   1.3   1.6e-13   43.5   1.3   1.9   1   0   0   1   1   1   1 ATPase subunit 1 (mitochondrion) [Dictyostelium intermedium]
DAZ85392.1           -          ATP-synt_C           PF00137.24   8.5e-11   34.5  15.4   1.1e-10   34.2  15.4   1.1   1   0   0   1   1   1   1 TPA_asm: ATPase subunit 9 (mitochondrion) [Dictyostelium intermedium]
YP_010191931.1       -          ATP-synt_C           PF00137.24   8.5e-11   34.5  15.4   1.1e-10   34.2  15.4   1.1   1   0   0   1   1   1   1 ATPase subunit 9 (mitochondrion) [Dictyostelium intermedium]
DAZ85383.1           -          ATPase               PF06745.16   4.3e-06   18.6   0.0   9.3e-06   17.5   0.0   1.6   1   0   0   1   1   1   1 TPA_asm: ATPase subunit 1 (mitochondrion) [Dictyostelium intermedium]
YP_010191922.1       -          ATPase               PF06745.16   4.3e-06   18.6   0.0   9.3e-06   17.5   0.0   1.6   1   0   0   1   1   1   1 ATPase subunit 1 (mitochondrion) [Dictyostelium intermedium]
DAZ85369.1           -          CENP-H               PF05837.15      0.14    5.1  13.6     0.019    7.8   9.1   1.8   2   1   0   2   2   2   0 TPA_asm: ribosomal protein S13 (mitochondrion) [Dictyostelium intermedium]
YP_010191907.1       -          CENP-H               PF05837.15      0.14    5.1  13.6     0.019    7.8   9.1   1.8   2   1   0   2   2   2   0 ribosomal protein S13 (mitochondrion) [Dictyostelium intermedium]
DAZ85353.1           -          Complex1_30kDa       PF00329.22   1.1e-38  125.0   0.0   1.7e-38  124.4   0.0   1.3   1   0   0   1   1   1   1 TPA_asm: NADH dehydrogenase subunit 9 (mitochondrion) [Dictyostelium intermedium]
YP_010191891.1       -          Complex1_30kDa       PF00329.22   1.1e-38  125.0   0.0   1.7e-38  124.4   0.0   1.3   1   0   0   1   1   1   1 NADH dehydrogenase subunit 9 (mitochondrion) [Dictyostelium intermedium]
DAZ85354.1           -          Complex1_49kDa       PF00346.22  2.6e-109  356.9   0.0  3.2e-109  356.6   0.0   1.1   1   0   0   1   1   1   1 TPA_asm: NADH dehydrogenase subunit 7 (mitochondrion) [Dictyostelium intermedium]
YP_010191892.1       -          Complex1_49kDa       PF00346.22  2.6e-109  356.9   0.0  3.2e-109  356.6   0.0   1.1   1   0   0   1   1   1   1 NADH dehydrogenase subunit 7 (mitochondrion) [Dictyostelium intermedium]
DAZ85393.1           -          COX1                 PF00115.23  4.7e-140  459.6  59.9  4.7e-140  459.6  59.9   2.4   1   1   0   2   2   2   1 TPA_asm: cytochrome oxidase subunit 1 and subunit 2 (mitochondrion) [Dictyostelium intermedium]
YP_010191919.1       -          COX1                 PF00115.23  4.7e-140  459.6  59.9  4.7e-140  459.6  59.9   2.4   1   1   0   2   2   2   1 cytochrome oxidase subunit 1 and subunit 2 (mitochondrion) [Dictyostelium intermedium]
DAZ85393.1           -          COX2                 PF00116.23   1.4e-59  191.7   0.1   3.8e-59  190.3   0.1   1.8   1   0   0   1   1   1   1 TPA_asm: cytochrome oxidase subunit 1 and subunit 2 (mitochondrion) [Dictyostelium intermedium]
YP_010191919.1       -          COX2                 PF00116.23   1.4e-59  191.7   0.1   3.8e-59  190.3   0.1   1.8   1   0   0   1   1   1   1 cytochrome oxidase subunit 1 and subunit 2 (mitochondrion) [Dictyostelium intermedium]
DAZ85393.1           -          COX2_TM              PF02790.18   1.8e-25   81.4   5.0   1.8e-25   81.4   5.0   4.7   3   1   0   3   3   3   1 TPA_asm: cytochrome oxidase subunit 1 and subunit 2 (mitochondrion) [Dictyostelium intermedium]
YP_010191919.1       -          COX2_TM              PF02790.18   1.8e-25   81.4   5.0   1.8e-25   81.4   5.0   4.7   3   1   0   3   3   3   1 cytochrome oxidase subunit 1 and subunit 2 (mitochondrion) [Dictyostelium intermedium]
DAZ85379.1           -          COX3                 PF00510.21   4.3e-60  196.1  30.1     8e-32  103.4  15.0   2.2   2   0   0   2   2   2   2 TPA_asm: cytochrome oxidase subunit 3 (mitochondrion) [Dictyostelium intermedium]
YP_010191917.1       -          COX3                 PF00510.21   4.3e-60  196.1  30.1     8e-32  103.4  15.0   2.2   2   0   0   2   2   2   2 cytochrome oxidase subunit 3 (mitochondrion) [Dictyostelium intermedium]
DAZ85369.1           -          Cullin_binding       PF03556.18    0.0002   14.3   2.1   0.00046   13.1   2.1   1.7   1   1   0   1   1   1   1 TPA_asm: ribosomal protein S13 (mitochondrion) [Dictyostelium intermedium]
YP_010191907.1       -          Cullin_binding       PF03556.18    0.0002   14.3   2.1   0.00046   13.1   2.1   1.7   1   1   0   1   1   1   1 ribosomal protein S13 (mitochondrion) [Dictyostelium intermedium]
AFN40156.1           -          Cupin_2              PF07883.14   0.00044   12.4   0.0    0.0011   11.2   0.0   1.6   1   0   0   1   1   1   1 C-module-binding factor, partial [Dictyostelium intermedium]
DAZ85385.1           -          Cytochrome_B         PF00033.22   4.1e-75  244.2  18.0   4.1e-75  244.2  18.0   2.6   3   1   0   3   3   3   1 TPA_asm: cytochrome b (mitochondrion) [Dictyostelium intermedium]
YP_010191924.1       -          Cytochrome_B         PF00033.22   4.1e-75  244.2  18.0   4.1e-75  244.2  18.0   2.6   3   1   0   3   3   3   1 cytochrome b (mitochondrion) [Dictyostelium intermedium]
DAZ85385.1           -          Cytochrom_B_C        PF00032.20   1.9e-34  110.5   3.6   1.9e-34  110.5   3.6   3.2   2   1   0   3   3   3   1 TPA_asm: cytochrome b (mitochondrion) [Dictyostelium intermedium]
YP_010191924.1       -          Cytochrom_B_C        PF00032.20   1.9e-34  110.5   3.6   1.9e-34  110.5   3.6   3.2   2   1   0   3   3   3   1 cytochrome b (mitochondrion) [Dictyostelium intermedium]
DAZ85385.1           -          Cytochrom_B_N_2      PF13631.9    2.1e-46  150.5  12.8   2.1e-46  150.5  12.8   2.6   3   1   1   4   4   4   1 TPA_asm: cytochrome b (mitochondrion) [Dictyostelium intermedium]
YP_010191924.1       -          Cytochrom_B_N_2      PF13631.9    2.1e-46  150.5  12.8   2.1e-46  150.5  12.8   2.6   3   1   1   4   4   4   1 cytochrome b (mitochondrion) [Dictyostelium intermedium]
DAZ85388.1           -          DUF1356              PF07092.15       7.5   -1.9  13.3     0.016    6.9   3.4   1.5   2   0   0   2   2   2   0 TPA_asm: NADH dehydrogenase subunit 3 (mitochondrion) [Dictyostelium intermedium]
YP_010191927.1       -          DUF1356              PF07092.15       7.5   -1.9  13.3     0.016    6.9   3.4   1.5   2   0   0   2   2   2   0 NADH dehydrogenase subunit 3 (mitochondrion) [Dictyostelium intermedium]
DAZ85388.1           -          DUF3139              PF11337.11       8.7   -0.4  16.7    0.0093    9.1   1.1   2.6   2   1   0   2   2   2   0 TPA_asm: NADH dehydrogenase subunit 3 (mitochondrion) [Dictyostelium intermedium]
YP_010191927.1       -          DUF3139              PF11337.11       8.7   -0.4  16.7    0.0093    9.1   1.1   2.6   2   1   0   2   2   2   0 NADH dehydrogenase subunit 3 (mitochondrion) [Dictyostelium intermedium]
DAZ85385.1           -          DUF4131              PF13567.9        2.8   -0.0  21.6     0.014    7.5   4.0   3.5   2   1   1   3   3   3   0 TPA_asm: cytochrome b (mitochondrion) [Dictyostelium intermedium]
YP_010191924.1       -          DUF4131              PF13567.9        2.8   -0.0  21.6     0.014    7.5   4.0   3.5   2   1   1   3   3   3   0 cytochrome b (mitochondrion) [Dictyostelium intermedium]
DAZ85373.1           -          DUF4208              PF13907.9      0.017    8.1  12.8    0.0079    9.2   9.0   2.1   2   0   0   2   2   2   0 TPA_asm: ribosomal protein S4 (mitochondrion) [Dictyostelium intermedium]
YP_010191911.1       -          DUF4208              PF13907.9      0.017    8.1  12.8    0.0079    9.2   9.0   2.1   2   0   0   2   2   2   0 ribosomal protein S4 (mitochondrion) [Dictyostelium intermedium]
DAZ85377.1           -          DUF4212              PF13937.9          2    1.4  17.2    0.0096    8.8   4.8   3.6   3   1   1   4   4   4   0 TPA_asm: NADH dehydrogenase subunit 2 (mitochondrion) [Dictyostelium intermedium]
YP_010191915.1       -          DUF4212              PF13937.9          2    1.4  17.2    0.0096    8.8   4.8   3.6   3   1   1   4   4   4   0 NADH dehydrogenase subunit 2 (mitochondrion) [Dictyostelium intermedium]
DAZ85369.1           -          DUF4363              PF14276.9     0.0008   11.9   6.9   0.00032   13.2   4.1   1.8   2   0   0   2   2   2   1 TPA_asm: ribosomal protein S13 (mitochondrion) [Dictyostelium intermedium]
YP_010191907.1       -          DUF4363              PF14276.9     0.0008   11.9   6.9   0.00032   13.2   4.1   1.8   2   0   0   2   2   2   1 ribosomal protein S13 (mitochondrion) [Dictyostelium intermedium]
DAZ85385.1           -          DUF4500              PF14937.9    0.00028   13.3   0.8     0.063    5.8   0.4   2.7   2   0   0   2   2   2   2 TPA_asm: cytochrome b (mitochondrion) [Dictyostelium intermedium]
YP_010191924.1       -          DUF4500              PF14937.9    0.00028   13.3   0.8     0.063    5.8   0.4   2.7   2   0   0   2   2   2   2 cytochrome b (mitochondrion) [Dictyostelium intermedium]
DAZ85386.1           -          DUF5497              PF17601.5      5e-05   16.1   0.5    0.0001   15.1   0.3   1.7   1   1   1   2   2   2   1 TPA_asm: ATPase subunit 8 (mitochondrion) [Dictyostelium intermedium]
YP_010191925.1       -          DUF5497              PF17601.5      5e-05   16.1   0.5    0.0001   15.1   0.3   1.7   1   1   1   2   2   2   1 ATPase subunit 8 (mitochondrion) [Dictyostelium intermedium]
DAZ85369.1           -          DUF573               PF04504.17     0.047    6.9  19.0      0.13    5.5  12.6   2.5   1   1   1   2   2   2   0 TPA_asm: ribosomal protein S13 (mitochondrion) [Dictyostelium intermedium]
YP_010191907.1       -          DUF573               PF04504.17     0.047    6.9  19.0      0.13    5.5  12.6   2.5   1   1   1   2   2   2   0 ribosomal protein S13 (mitochondrion) [Dictyostelium intermedium]
AFU76699.1           -          DUF6548              PF20185.1        4.9   -0.6  16.6        73   -4.4  16.6   2.1   1   1   0   1   1   1   0 hypothetical protein [Dictyostelium intermedium]
DAZ85377.1           -          DUF6704              PF20447.1        2.1    1.1  13.0      0.15    4.8   0.6   3.8   3   0   0   3   3   3   0 TPA_asm: NADH dehydrogenase subunit 2 (mitochondrion) [Dictyostelium intermedium]
YP_010191915.1       -          DUF6704              PF20447.1        2.1    1.1  13.0      0.15    4.8   0.6   3.8   3   0   0   3   3   3   0 NADH dehydrogenase subunit 2 (mitochondrion) [Dictyostelium intermedium]
DAZ85393.1           -          E1-E2_ATPase         PF00122.23       3.5   -0.5  13.9     0.015    7.2   2.0   3.2   3   1   1   4   4   4   0 TPA_asm: cytochrome oxidase subunit 1 and subunit 2 (mitochondrion) [Dictyostelium intermedium]
YP_010191919.1       -          E1-E2_ATPase         PF00122.23       3.5   -0.5  13.9     0.015    7.2   2.0   3.2   3   1   1   4   4   4   0 cytochrome oxidase subunit 1 and subunit 2 (mitochondrion) [Dictyostelium intermedium]
DAZ85387.1           -          EFP_N                PF08207.15   0.00039   12.9   0.0    0.0022   10.5   0.0   2.1   1   1   0   1   1   1   1 TPA_asm: ATPase subunit 4 (mitochondrion) [Dictyostelium intermedium]
YP_010191926.1       -          EFP_N                PF08207.15   0.00039   12.9   0.0    0.0022   10.5   0.0   2.1   1   1   0   1   1   1   1 ATPase subunit 4 (mitochondrion) [Dictyostelium intermedium]
DAZ85388.1           -          EMC1_C               PF07774.16    0.0093    8.1   4.1    0.0041    9.2   0.1   1.9   2   0   0   2   2   2   1 TPA_asm: NADH dehydrogenase subunit 3 (mitochondrion) [Dictyostelium intermedium]
YP_010191927.1       -          EMC1_C               PF07774.16    0.0093    8.1   4.1    0.0041    9.2   0.1   1.9   2   0   0   2   2   2   1 NADH dehydrogenase subunit 3 (mitochondrion) [Dictyostelium intermedium]
DAZ85391.1           -          EphA2_TM             PF14575.9       0.81    3.0  13.4     0.045    7.0   0.1   3.5   3   1   0   3   3   3   0 TPA_asm: NADH dehydrogenase subunit 6 (mitochondrion) [Dictyostelium intermedium]
YP_010191930.1       -          EphA2_TM             PF14575.9       0.81    3.0  13.4     0.045    7.0   0.1   3.5   3   1   0   3   3   3   0 NADH dehydrogenase subunit 6 (mitochondrion) [Dictyostelium intermedium]
DAZ85371.1           -          Fer2                 PF00111.30   1.2e-10   33.7   2.5   1.2e-10   33.7   2.5   2.1   1   1   1   2   2   2   1 TPA_asm: NADH dehydrogenase subunit 11 (mitochondrion) [Dictyostelium intermedium]
YP_010191909.1       -          Fer2                 PF00111.30   1.2e-10   33.7   2.5   1.2e-10   33.7   2.5   2.1   1   1   1   2   2   2   1 NADH dehydrogenase subunit 11 (mitochondrion) [Dictyostelium intermedium]
DAZ85371.1           -          Fer2_4               PF13510.9    2.1e-13   42.6   0.2     4e-13   41.8   0.2   1.4   1   0   0   1   1   1   1 TPA_asm: NADH dehydrogenase subunit 11 (mitochondrion) [Dictyostelium intermedium]
YP_010191909.1       -          Fer2_4               PF13510.9    2.1e-13   42.6   0.2     4e-13   41.8   0.2   1.4   1   0   0   1   1   1   1 NADH dehydrogenase subunit 11 (mitochondrion) [Dictyostelium intermedium]
DAZ85371.1           -          Fer4                 PF00037.30    0.0012   11.2   1.8     0.032    6.7   0.6   2.7   2   0   0   2   2   2   1 TPA_asm: NADH dehydrogenase subunit 11 (mitochondrion) [Dictyostelium intermedium]
YP_010191909.1       -          Fer4                 PF00037.30    0.0012   11.2   1.8     0.032    6.7   0.6   2.7   2   0   0   2   2   2   1 NADH dehydrogenase subunit 11 (mitochondrion) [Dictyostelium intermedium]
DAZ85386.1           -          FixP_N               PF14715.9     0.0075    8.5   4.1     0.012    7.9   4.1   1.3   1   0   0   1   1   1   1 TPA_asm: ATPase subunit 8 (mitochondrion) [Dictyostelium intermedium]
YP_010191925.1       -          FixP_N               PF14715.9     0.0075    8.5   4.1     0.012    7.9   4.1   1.3   1   0   0   1   1   1   1 ATPase subunit 8 (mitochondrion) [Dictyostelium intermedium]
DAZ85387.1           -          FliP                 PF00813.23   0.00014   14.2   0.1   0.00017   14.0   0.1   1.2   1   0   0   1   1   1   1 TPA_asm: ATPase subunit 4 (mitochondrion) [Dictyostelium intermedium]
YP_010191926.1       -          FliP                 PF00813.23   0.00014   14.2   0.1   0.00017   14.0   0.1   1.2   1   0   0   1   1   1   1 ATPase subunit 4 (mitochondrion) [Dictyostelium intermedium]
DAZ85378.1           -          FtsK_alpha           PF17854.4    8.7e-05   15.2   0.5   9.9e-05   15.0   0.5   1.0   1   0   0   1   1   1   1 TPA_asm: mp04-like protein (mitochondrion) [Dictyostelium intermedium]
YP_010191916.1       -          FtsK_alpha           PF17854.4    8.7e-05   15.2   0.5   9.9e-05   15.0   0.5   1.0   1   0   0   1   1   1   1 mp04-like protein (mitochondrion) [Dictyostelium intermedium]
DAZ85377.1           -          GET2                 PF08690.13       9.2   -1.8  16.5     0.021    6.9   0.2   3.1   2   1   1   3   3   3   0 TPA_asm: NADH dehydrogenase subunit 2 (mitochondrion) [Dictyostelium intermedium]
YP_010191915.1       -          GET2                 PF08690.13       9.2   -1.8  16.5     0.021    6.9   0.2   3.1   2   1   1   3   3   3   0 NADH dehydrogenase subunit 2 (mitochondrion) [Dictyostelium intermedium]
DAZ85391.1           -          Herpes_LMP1          PF05297.14       4.6   -1.3  23.3       1.4    0.4  21.0   1.3   1   1   0   1   1   1   0 TPA_asm: NADH dehydrogenase subunit 6 (mitochondrion) [Dictyostelium intermedium]
YP_010191930.1       -          Herpes_LMP1          PF05297.14       4.6   -1.3  23.3       1.4    0.4  21.0   1.3   1   1   0   1   1   1   0 NADH dehydrogenase subunit 6 (mitochondrion) [Dictyostelium intermedium]
AFU76699.1           -          Hid1                 PF12722.10      0.62    0.5  32.1      0.68    0.4  32.1   1.0   1   0   0   1   1   1   0 hypothetical protein [Dictyostelium intermedium]
AFN40156.1           -          JmjC                 PF02373.25   1.2e-28   92.3   0.9   4.1e-28   90.6   0.0   2.4   2   0   0   2   2   2   1 C-module-binding factor, partial [Dictyostelium intermedium]
DAZ85365.1           -          KID                  PF02524.17      0.16    5.2  10.7     0.096    5.8   0.9   3.9   3   0   0   3   3   3   0 TPA_asm: ribosomal protein L5 (mitochondrion) [Dictyostelium intermedium]
YP_010191903.1       -          KID                  PF02524.17      0.16    5.2  10.7     0.096    5.8   0.9   3.9   3   0   0   3   3   3   0 ribosomal protein L5 (mitochondrion) [Dictyostelium intermedium]
DAZ85379.1           -          LapA_dom             PF06305.14   0.00028   13.1   0.2   0.00028   13.1   0.2   2.9   2   0   0   2   2   2   1 TPA_asm: cytochrome oxidase subunit 3 (mitochondrion) [Dictyostelium intermedium]
YP_010191917.1       -          LapA_dom             PF06305.14   0.00028   13.1   0.2   0.00028   13.1   0.2   2.9   2   0   0   2   2   2   1 cytochrome oxidase subunit 3 (mitochondrion) [Dictyostelium intermedium]
DAZ85371.1           -          Molybdopterin        PF00384.25   1.9e-39  128.2   1.2     5e-37  120.2   1.2   2.2   1   1   0   1   1   1   1 TPA_asm: NADH dehydrogenase subunit 11 (mitochondrion) [Dictyostelium intermedium]
YP_010191909.1       -          Molybdopterin        PF00384.25   1.9e-39  128.2   1.2     5e-37  120.2   1.2   2.2   1   1   0   1   1   1   1 NADH dehydrogenase subunit 11 (mitochondrion) [Dictyostelium intermedium]
DAZ85355.1           -          Mpo1-like            PF06127.14       7.1   -0.7  17.4      0.19    4.4   6.7   2.8   2   1   0   2   2   2   0 TPA_asm: ATPase subunit 6 (mitochondrion) [Dictyostelium intermedium]
YP_010191893.1       -          Mpo1-like            PF06127.14       7.1   -0.7  17.4      0.19    4.4   6.7   2.8   2   1   0   2   2   2   0 ATPase subunit 6 (mitochondrion) [Dictyostelium intermedium]
DAZ85387.1           -          Mt_ATP-synt_B        PF05405.17   4.1e-07   22.2   2.3   5.2e-07   21.9   2.3   1.3   1   1   0   1   1   1   1 TPA_asm: ATPase subunit 4 (mitochondrion) [Dictyostelium intermedium]
YP_010191926.1       -          Mt_ATP-synt_B        PF05405.17   4.1e-07   22.2   2.3   5.2e-07   21.9   2.3   1.3   1   1   0   1   1   1   1 ATPase subunit 4 (mitochondrion) [Dictyostelium intermedium]
DAZ85371.1           -          NADH-G_4Fe-4S_3      PF10588.12   5.4e-18   56.8   0.1   5.4e-18   56.8   0.1   1.8   2   0   0   2   2   2   1 TPA_asm: NADH dehydrogenase subunit 11 (mitochondrion) [Dictyostelium intermedium]
YP_010191909.1       -          NADH-G_4Fe-4S_3      PF10588.12   5.4e-18   56.8   0.1   5.4e-18   56.8   0.1   1.8   2   0   0   2   2   2   1 NADH dehydrogenase subunit 11 (mitochondrion) [Dictyostelium intermedium]
DAZ85372.1           -          NADH5_C              PF06455.14   5.7e-14   44.5   7.5   2.6e-10   32.6   1.2   4.9   5   1   0   5   5   5   2 TPA_asm: NADH dehydrogenase subunit 5 (mitochondrion) [Dictyostelium intermedium]
YP_010191910.1       -          NADH5_C              PF06455.14   5.7e-14   44.5   7.5   2.6e-10   32.6   1.2   4.9   5   1   0   5   5   5   2 NADH dehydrogenase subunit 5 (mitochondrion) [Dictyostelium intermedium]
DAZ85390.1           -          NADHdh               PF00146.24  5.9e-115  376.0  22.1  6.8e-115  375.8  22.1   1.0   1   0   0   1   1   1   1 TPA_asm: NADH dehydrogenase subunit 1 (mitochondrion) [Dictyostelium intermedium]
YP_010191929.1       -          NADHdh               PF00146.24  5.9e-115  376.0  22.1  6.8e-115  375.8  22.1   1.0   1   0   0   1   1   1   1 NADH dehydrogenase subunit 1 (mitochondrion) [Dictyostelium intermedium]
DAZ85389.1           -          NB-ARC               PF00931.25   0.00044   11.9   0.1   0.00094   10.8   0.1   1.5   1   0   0   1   1   1   1 TPA_asm: hypothetical protein (mitochondrion) [Dictyostelium intermedium]
YP_010191928.1       -          NB-ARC               PF00931.25   0.00044   11.9   0.1   0.00094   10.8   0.1   1.5   1   0   0   1   1   1   1 hypothetical protein LKZ32_mgp07 (mitochondrion) [Dictyostelium intermedium]
DAZ85354.1           -          NiFeSe_Hases         PF00374.22   0.00031   12.1   0.0    0.0019    9.5   0.0   2.0   2   1   1   3   3   3   1 TPA_asm: NADH dehydrogenase subunit 7 (mitochondrion) [Dictyostelium intermedium]
YP_010191892.1       -          NiFeSe_Hases         PF00374.22   0.00031   12.1   0.0    0.0019    9.5   0.0   2.0   2   1   1   3   3   3   1 NADH dehydrogenase subunit 7 (mitochondrion) [Dictyostelium intermedium]
AFU76699.1           -          Nop14                PF04147.15      0.11    3.0  18.7      0.12    2.8  18.7   1.1   1   0   0   1   1   1   0 hypothetical protein [Dictyostelium intermedium]
DAZ85375.1           -          Oxidored_q2          PF00420.27   2.1e-14   45.6   9.8   2.5e-14   45.3   9.8   1.0   1   0   0   1   1   1   1 TPA_asm: NADH dehydrogenase subunit 4L (mitochondrion) [Dictyostelium intermedium]
YP_010191913.1       -          Oxidored_q2          PF00420.27   2.1e-14   45.6   9.8   2.5e-14   45.3   9.8   1.0   1   0   0   1   1   1   1 NADH dehydrogenase subunit 4L (mitochondrion) [Dictyostelium intermedium]
DAZ85391.1           -          Oxidored_q3          PF00499.23   4.2e-25   80.6  20.3   4.2e-25   80.6  20.3   1.4   1   1   0   1   1   1   1 TPA_asm: NADH dehydrogenase subunit 6 (mitochondrion) [Dictyostelium intermedium]
YP_010191930.1       -          Oxidored_q3          PF00499.23   4.2e-25   80.6  20.3   4.2e-25   80.6  20.3   1.4   1   1   0   1   1   1   1 NADH dehydrogenase subunit 6 (mitochondrion) [Dictyostelium intermedium]
DAZ85388.1           -          Oxidored_q4          PF00507.22   9.2e-34  108.1   7.1   9.2e-34  108.1   7.1   1.5   1   1   0   1   1   1   1 TPA_asm: NADH dehydrogenase subunit 3 (mitochondrion) [Dictyostelium intermedium]
YP_010191927.1       -          Oxidored_q4          PF00507.22   9.2e-34  108.1   7.1   9.2e-34  108.1   7.1   1.5   1   1   0   1   1   1   1 NADH dehydrogenase subunit 3 (mitochondrion) [Dictyostelium intermedium]
DAZ85357.1           -          PAPS_reduct          PF01507.22    0.0019   10.7   3.8    0.0022   10.5   2.3   1.8   1   1   1   2   2   2   1 TPA_asm: mp21-like protein (mitochondrion) [Dictyostelium intermedium]
YP_010191895.1       -          PAPS_reduct          PF01507.22    0.0019   10.7   3.8    0.0022   10.5   2.3   1.8   1   1   1   2   2   2   1 mp21-like protein (mitochondrion) [Dictyostelium intermedium]
DAZ85373.1           -          PCI                  PF01399.30    0.0083    9.1   8.0   0.00061   12.8   1.6   2.3   3   0   0   3   3   3   1 TPA_asm: ribosomal protein S4 (mitochondrion) [Dictyostelium intermedium]
YP_010191911.1       -          PCI                  PF01399.30    0.0083    9.1   8.0   0.00061   12.8   1.6   2.3   3   0   0   3   3   3   1 ribosomal protein S4 (mitochondrion) [Dictyostelium intermedium]
DAZ85373.1           -          PdaC                 PF13739.9       0.15    5.6   9.4     0.014    9.0   0.1   3.1   2   1   0   3   3   3   0 TPA_asm: ribosomal protein S4 (mitochondrion) [Dictyostelium intermedium]
YP_010191911.1       -          PdaC                 PF13739.9       0.15    5.6   9.4     0.014    9.0   0.1   3.1   2   1   0   3   3   3   0 ribosomal protein S4 (mitochondrion) [Dictyostelium intermedium]
DAZ85392.1           -          Phage_holin_3_6      PF07332.14     0.025    7.1  16.7     0.041    6.4  16.7   1.4   1   1   0   1   1   1   0 TPA_asm: ATPase subunit 9 (mitochondrion) [Dictyostelium intermedium]
YP_010191931.1       -          Phage_holin_3_6      PF07332.14     0.025    7.1  16.7     0.041    6.4  16.7   1.4   1   1   0   1   1   1   0 ATPase subunit 9 (mitochondrion) [Dictyostelium intermedium]
AFU76699.1           -          PPP4R2               PF09184.14       4.2   -0.7  27.1       4.8   -1.0  27.1   1.2   1   0   0   1   1   1   0 hypothetical protein [Dictyostelium intermedium]
AFU76699.1           -          Presenilin           PF01080.20      0.31    2.1  29.8      0.36    1.9  29.8   1.1   1   0   0   1   1   1   0 hypothetical protein [Dictyostelium intermedium]
DAZ85372.1           -          Proton_antipo_M      PF00361.23   4.1e-87  284.4  21.8   4.1e-87  284.4  21.8   3.1   4   1   0   4   4   4   1 TPA_asm: NADH dehydrogenase subunit 5 (mitochondrion) [Dictyostelium intermedium]
YP_010191910.1       -          Proton_antipo_M      PF00361.23   4.1e-87  284.4  21.8   4.1e-87  284.4  21.8   3.1   4   1   0   4   4   4   1 NADH dehydrogenase subunit 5 (mitochondrion) [Dictyostelium intermedium]
DAZ85376.1           -          Proton_antipo_M      PF00361.23   1.9e-71  233.0  24.8   1.9e-71  233.0  24.8   2.0   3   0   0   3   3   3   1 TPA_asm: NADH dehydrogenase subunit 4 (mitochondrion) [Dictyostelium intermedium]
YP_010191914.1       -          Proton_antipo_M      PF00361.23   1.9e-71  233.0  24.8   1.9e-71  233.0  24.8   2.0   3   0   0   3   3   3   1 NADH dehydrogenase subunit 4 (mitochondrion) [Dictyostelium intermedium]
DAZ85377.1           -          Proton_antipo_M      PF00361.23   1.2e-43  141.8  30.2   1.2e-43  141.8  30.2   2.3   3   0   0   3   3   3   1 TPA_asm: NADH dehydrogenase subunit 2 (mitochondrion) [Dictyostelium intermedium]
YP_010191915.1       -          Proton_antipo_M      PF00361.23   1.2e-43  141.8  30.2   1.2e-43  141.8  30.2   2.3   3   0   0   3   3   3   1 NADH dehydrogenase subunit 2 (mitochondrion) [Dictyostelium intermedium]
DAZ85372.1           -          Proton_antipo_N      PF00662.23   2.5e-21   67.9   2.7   2.5e-21   67.9   2.7   4.2   3   0   0   3   3   3   1 TPA_asm: NADH dehydrogenase subunit 5 (mitochondrion) [Dictyostelium intermedium]
YP_010191910.1       -          Proton_antipo_N      PF00662.23   2.5e-21   67.9   2.7   2.5e-21   67.9   2.7   4.2   3   0   0   3   3   3   1 NADH dehydrogenase subunit 5 (mitochondrion) [Dictyostelium intermedium]
AFU76699.1           -          Raftlin              PF15250.9      0.025    5.5  17.8      0.03    5.3  17.8   1.1   1   0   0   1   1   1   0 hypothetical protein [Dictyostelium intermedium]
DAZ85356.1           -          Ribosomal_L11_N      PF03946.17   2.1e-18   58.5   0.0   3.7e-18   57.7   0.0   1.4   1   0   0   1   1   1   1 TPA_asm: ribosomal protein L11 (mitochondrion) [Dictyostelium intermedium]
YP_010191894.1       -          Ribosomal_L11_N      PF03946.17   2.1e-18   58.5   0.0   3.7e-18   57.7   0.0   1.4   1   0   0   1   1   1   1 ribosomal protein L11 (mitochondrion) [Dictyostelium intermedium]
DAZ85364.1           -          Ribosomal_L14        PF00238.22   1.1e-34  111.5   6.5   1.3e-34  111.3   6.5   1.0   1   0   0   1   1   1   1 TPA_asm: ribosomal protein L14 (mitochondrion) [Dictyostelium intermedium]
YP_010191902.1       -          Ribosomal_L14        PF00238.22   1.1e-34  111.5   6.5   1.3e-34  111.3   6.5   1.0   1   0   0   1   1   1   1 ribosomal protein L14 (mitochondrion) [Dictyostelium intermedium]
DAZ85363.1           -          Ribosomal_L16        PF00252.21   1.8e-29   94.9   2.4   2.1e-29   94.7   2.4   1.0   1   0   0   1   1   1   1 TPA_asm: ribosomal protein L16 (mitochondrion) [Dictyostelium intermedium]
YP_010191901.1       -          Ribosomal_L16        PF00252.21   1.8e-29   94.9   2.4   2.1e-29   94.7   2.4   1.0   1   0   0   1   1   1   1 ribosomal protein L16 (mitochondrion) [Dictyostelium intermedium]
DAZ85360.1           -          Ribosomal_L2         PF00181.26   2.7e-23   74.3   0.6   2.7e-23   74.3   0.6   2.3   2   0   0   2   2   2   1 TPA_asm: ribosomal protein L2 (mitochondrion) [Dictyostelium intermedium]
YP_010191898.1       -          Ribosomal_L2         PF00181.26   2.7e-23   74.3   0.6   2.7e-23   74.3   0.6   2.3   2   0   0   2   2   2   1 ribosomal protein L2 (mitochondrion) [Dictyostelium intermedium]
DAZ85360.1           -          Ribosomal_L2_C       PF03947.21   3.8e-40  129.4   0.3   1.2e-39  127.8   0.5   1.8   2   0   0   2   2   2   1 TPA_asm: ribosomal protein L2 (mitochondrion) [Dictyostelium intermedium]
YP_010191898.1       -          Ribosomal_L2_C       PF03947.21   3.8e-40  129.4   0.3   1.2e-39  127.8   0.5   1.8   2   0   0   2   2   2   1 ribosomal protein L2 (mitochondrion) [Dictyostelium intermedium]
DAZ85368.1           -          Ribosomal_L6         PF00347.26   2.9e-13   42.9   5.6   3.8e-13   42.5   0.6   2.4   2   1   0   2   2   2   1 TPA_asm: ribosomal protein L6 (mitochondrion) [Dictyostelium intermedium]
YP_010191906.1       -          Ribosomal_L6         PF00347.26   2.9e-13   42.9   5.6   3.8e-13   42.5   0.6   2.4   2   1   0   2   2   2   1 ribosomal protein L6 (mitochondrion) [Dictyostelium intermedium]
DAZ85369.1           -          Ribosomal_S13        PF00416.25   6.3e-05   15.8   5.0   6.3e-05   15.8   5.0   3.0   1   1   1   2   2   2   1 TPA_asm: ribosomal protein S13 (mitochondrion) [Dictyostelium intermedium]
YP_010191907.1       -          Ribosomal_S13        PF00416.25   6.3e-05   15.8   5.0   6.3e-05   15.8   5.0   3.0   1   1   1   2   2   2   1 ribosomal protein S13 (mitochondrion) [Dictyostelium intermedium]
DAZ85366.1           -          Ribosomal_S14        PF00253.24   8.1e-22   69.3   0.8   1.3e-21   68.7   0.8   1.3   1   0   0   1   1   1   1 TPA_asm: ribosomal protein S14 (mitochondrion) [Dictyostelium intermedium]
YP_010191904.1       -          Ribosomal_S14        PF00253.24   8.1e-22   69.3   0.8   1.3e-21   68.7   0.8   1.3   1   0   0   1   1   1   1 ribosomal protein S14 (mitochondrion) [Dictyostelium intermedium]
DAZ85361.1           -          Ribosomal_S19        PF00203.24   7.7e-20   63.1   0.2   9.7e-20   62.7   0.2   1.2   1   0   0   1   1   1   1 TPA_asm: ribosomal protein S19 (mitochondrion) [Dictyostelium intermedium]
YP_010191899.1       -          Ribosomal_S19        PF00203.24   7.7e-20   63.1   0.2   9.7e-20   62.7   0.2   1.2   1   0   0   1   1   1   1 ribosomal protein S19 (mitochondrion) [Dictyostelium intermedium]
DAZ85374.1           -          Ribosomal_S2         PF00318.23   2.1e-27   88.2   2.6   6.7e-27   86.5   2.6   1.7   1   1   0   1   1   1   1 TPA_asm: ribosomal protein S2 (mitochondrion) [Dictyostelium intermedium]
YP_010191912.1       -          Ribosomal_S2         PF00318.23   2.1e-27   88.2   2.6   6.7e-27   86.5   2.6   1.7   1   1   0   1   1   1   1 ribosomal protein S2 (mitochondrion) [Dictyostelium intermedium]
DAZ85359.1           -          Ribosomal_S7         PF00177.24   2.3e-18   58.7   0.5     3e-18   58.3   0.5   1.1   1   0   0   1   1   1   1 TPA_asm: ribosomal protein S7 (mitochondrion) [Dictyostelium intermedium]
YP_010191897.1       -          Ribosomal_S7         PF00177.24   2.3e-18   58.7   0.5     3e-18   58.3   0.5   1.1   1   0   0   1   1   1   1 ribosomal protein S7 (mitochondrion) [Dictyostelium intermedium]
DAZ85367.1           -          Ribosomal_S8         PF00410.22   1.9e-12   39.7   2.7   1.9e-12   39.7   2.7   1.9   1   1   1   2   2   2   1 TPA_asm: ribosomal protein S8 (mitochondrion) [Dictyostelium intermedium]
YP_010191905.1       -          Ribosomal_S8         PF00410.22   1.9e-12   39.7   2.7   1.9e-12   39.7   2.7   1.9   1   1   1   2   2   2   1 ribosomal protein S8 (mitochondrion) [Dictyostelium intermedium]
DAZ85358.1           -          Ribosom_S12_S23      PF00164.28   3.8e-27   86.7   1.2   4.8e-27   86.3   1.2   1.1   1   0   0   1   1   1   1 TPA_asm: ribosomal protein S12 (mitochondrion) [Dictyostelium intermedium]
YP_010191896.1       -          Ribosom_S12_S23      PF00164.28   3.8e-27   86.7   1.2   4.8e-27   86.3   1.2   1.1   1   0   0   1   1   1   1 ribosomal protein S12 (mitochondrion) [Dictyostelium intermedium]
AFU76699.1           -          RIFIN                PF02009.19      0.47    2.7   9.4      0.56    2.4   9.4   1.1   1   0   0   1   1   1   0 hypothetical protein [Dictyostelium intermedium]
DAZ85366.1           -          Roughex              PF06020.14   2.8e-05   15.8   0.2   2.9e-05   15.7   0.2   1.0   1   0   0   1   1   1   1 TPA_asm: ribosomal protein S14 (mitochondrion) [Dictyostelium intermedium]
YP_010191904.1       -          Roughex              PF06020.14   2.8e-05   15.8   0.2   2.9e-05   15.7   0.2   1.0   1   0   0   1   1   1   1 ribosomal protein S14 (mitochondrion) [Dictyostelium intermedium]
DAZ85373.1           -          S4                   PF01479.28   9.1e-20   62.7   0.7   1.8e-19   61.7   0.2   1.8   2   0   0   2   2   2   1 TPA_asm: ribosomal protein S4 (mitochondrion) [Dictyostelium intermedium]
YP_010191911.1       -          S4                   PF01479.28   9.1e-20   62.7   0.7   1.8e-19   61.7   0.2   1.8   2   0   0   2   2   2   1 ribosomal protein S4 (mitochondrion) [Dictyostelium intermedium]
AFU76699.1           -          Saf4_Yju2            PF04502.16       3.8   -0.7  32.6       5.6   -1.2  32.6   1.3   1   0   0   1   1   1   0 hypothetical protein [Dictyostelium intermedium]
DAZ85369.1           -          Sec62                PF03839.19      0.69    2.0  12.7      0.84    1.8  11.8   1.6   2   0   0   2   2   2   0 TPA_asm: ribosomal protein S13 (mitochondrion) [Dictyostelium intermedium]
YP_010191907.1       -          Sec62                PF03839.19      0.69    2.0  12.7      0.84    1.8  11.8   1.6   2   0   0   2   2   2   0 ribosomal protein S13 (mitochondrion) [Dictyostelium intermedium]
AFU76699.1           -          SLC12                PF03522.18    0.0081    7.5  13.0     0.011    7.1  13.0   1.3   1   0   0   1   1   1   1 hypothetical protein [Dictyostelium intermedium]
AFU76699.1           -          SOG2                 PF10428.12       3.1   -0.8  57.5       3.5   -1.0  57.5   1.1   1   0   0   1   1   1   0 hypothetical protein [Dictyostelium intermedium]
AFU76699.1           -          SPX                  PF03105.22       0.1    4.9  51.7      0.12    4.7  51.7   1.1   1   0   0   1   1   1   0 hypothetical protein [Dictyostelium intermedium]
DAZ85369.1           -          TMF_DNA_bd           PF12329.11      0.96    2.0  28.7     0.012    8.2   9.4   3.3   2   2   1   3   3   3   0 TPA_asm: ribosomal protein S13 (mitochondrion) [Dictyostelium intermedium]
YP_010191907.1       -          TMF_DNA_bd           PF12329.11      0.96    2.0  28.7     0.012    8.2   9.4   3.3   2   2   1   3   3   3   0 ribosomal protein S13 (mitochondrion) [Dictyostelium intermedium]
AFU76699.1           -          Utp14                PF04615.16      0.18    2.6  25.6      0.19    2.5  25.6   1.0   1   0   0   1   1   1   0 hypothetical protein [Dictyostelium intermedium]
DAZ85384.1           -          YabA                 PF06156.16       6.5   -0.0  17.8     0.015    8.4   0.4   3.2   2   1   0   2   2   2   0 TPA_asm: hypothetical protein (mitochondrion) [Dictyostelium intermedium]
YP_010191923.1       -          YabA                 PF06156.16       6.5   -0.0  17.8     0.015    8.4   0.4   3.2   2   1   0   2   2   2   0 hypothetical protein LKZ32_mgp12 (mitochondrion) [Dictyostelium intermedium]
DAZ85386.1           -          YMF19                PF02326.18   1.5e-11   37.4   1.9   1.5e-11   37.4   1.9   1.7   1   1   1   2   2   2   1 TPA_asm: ATPase subunit 8 (mitochondrion) [Dictyostelium intermedium]
YP_010191925.1       -          YMF19                PF02326.18   1.5e-11   37.4   1.9   1.5e-11   37.4   1.9   1.7   1   1   1   2   2   2   1 ATPase subunit 8 (mitochondrion) [Dictyostelium intermedium]
DAZ85384.1           -          ZapB                 PF06005.15   0.00014   14.8   0.8   0.00014   14.8   0.8   3.1   3   0   0   3   3   3   1 TPA_asm: hypothetical protein (mitochondrion) [Dictyostelium intermedium]
YP_010191923.1       -          ZapB                 PF06005.15   0.00014   14.8   0.8   0.00014   14.8   0.8   3.1   3   0   0   3   3   3   1 hypothetical protein LKZ32_mgp12 (mitochondrion) [Dictyostelium intermedium]
AFN40156.1           -          zf-4CXXC_R1          PF10497.12   2.6e-10   32.9  17.8   2.6e-10   32.9  17.8   2.4   2   0   0   2   2   2   1 C-module-binding factor, partial [Dictyostelium intermedium]
DAZ85380.1           -          zf-RING_9            PF13901.9     0.0068    8.8   4.3    0.0016   10.8   1.1   1.5   2   0   0   2   2   2   1 TPA_asm: mp05-like protein (mitochondrion) [Dictyostelium intermedium]
YP_010191918.1       -          zf-RING_9            PF13901.9     0.0068    8.8   4.3    0.0016   10.8   1.1   1.5   2   0   0   2   2   2   1 mp05-like protein (mitochondrion) [Dictyostelium intermedium]
#
# Program:         hmmsearch
# Version:         3.3.2 (Nov 2020)
# Pipeline mode:   SEARCH
# Query file:      Pfam-A.hmm
# Target file:     protein.faa
# Option settings: hmmsearch --tblout output.out Pfam-A.hmm protein.faa 
# Current dir:     /content
# Date:            Sun Jun 16 18:36:31 2024
# [ok]
